<?xml version="1.0" encoding="UTF-8"?>
<testsuite name="com.jinsim.springboilerplate.SpringBoilerplateApplicationTests" tests="1" skipped="0" failures="0" errors="0" timestamp="2025-11-25T03:42:27" hostname="hyeonjaes-MacBook-Pro.local" time="0.046">
  <properties/>
  <testcase name="contextLoads()" classname="com.jinsim.springboilerplate.SpringBoilerplateApplicationTests" time="0.046"/>
  <system-out><![CDATA[12:42:25.518 [Test worker] DEBUG org.springframework.test.context.BootstrapUtils - Instantiating CacheAwareContextLoaderDelegate from class [org.springframework.test.context.cache.DefaultCacheAwareContextLoaderDelegate]
12:42:25.521 [Test worker] DEBUG org.springframework.test.context.BootstrapUtils - Instantiating BootstrapContext using constructor [public org.springframework.test.context.support.DefaultBootstrapContext(java.lang.Class,org.springframework.test.context.CacheAwareContextLoaderDelegate)]
12:42:25.531 [Test worker] DEBUG org.springframework.test.context.BootstrapUtils - Instantiating TestContextBootstrapper for test class [com.jinsim.springboilerplate.SpringBoilerplateApplicationTests] from class [org.springframework.boot.test.context.SpringBootTestContextBootstrapper]
12:42:25.534 [Test worker] INFO org.springframework.boot.test.context.SpringBootTestContextBootstrapper - Neither @ContextConfiguration nor @ContextHierarchy found for test class [com.jinsim.springboilerplate.SpringBoilerplateApplicationTests], using SpringBootContextLoader
12:42:25.535 [Test worker] DEBUG org.springframework.test.context.support.AbstractContextLoader - Did not detect default resource location for test class [com.jinsim.springboilerplate.SpringBoilerplateApplicationTests]: class path resource [com/jinsim/springboilerplate/SpringBoilerplateApplicationTests-context.xml] does not exist
12:42:25.535 [Test worker] DEBUG org.springframework.test.context.support.AbstractContextLoader - Did not detect default resource location for test class [com.jinsim.springboilerplate.SpringBoilerplateApplicationTests]: class path resource [com/jinsim/springboilerplate/SpringBoilerplateApplicationTestsContext.groovy] does not exist
12:42:25.535 [Test worker] INFO org.springframework.test.context.support.AbstractContextLoader - Could not detect default resource locations for test class [com.jinsim.springboilerplate.SpringBoilerplateApplicationTests]: no resource found for suffixes {-context.xml, Context.groovy}.
12:42:25.535 [Test worker] INFO org.springframework.test.context.support.AnnotationConfigContextLoaderUtils - Could not detect default configuration classes for test class [com.jinsim.springboilerplate.SpringBoilerplateApplicationTests]: SpringBoilerplateApplicationTests does not declare any static, non-private, non-final, nested classes annotated with @Configuration.
12:42:25.562 [Test worker] DEBUG org.springframework.context.annotation.ClassPathScanningCandidateComponentProvider - Identified candidate component class: file [/Users/jaehyeonahn/Desktop/github/springBoot-boilarPlate-2025/build/classes/java/main/com/jinsim/springboilerplate/SpringBoilerplateApplication.class]
12:42:25.562 [Test worker] INFO org.springframework.boot.test.context.SpringBootTestContextBootstrapper - Found @SpringBootConfiguration com.jinsim.springboilerplate.SpringBoilerplateApplication for test class com.jinsim.springboilerplate.SpringBoilerplateApplicationTests
12:42:25.585 [Test worker] DEBUG org.springframework.boot.test.context.SpringBootTestContextBootstrapper - @TestExecutionListeners is not present for class [com.jinsim.springboilerplate.SpringBoilerplateApplicationTests]: using defaults.
12:42:25.585 [Test worker] INFO org.springframework.boot.test.context.SpringBootTestContextBootstrapper - Loaded default TestExecutionListener class names from location [META-INF/spring.factories]: [org.springframework.security.test.context.support.WithSecurityContextTestExecutionListener, org.springframework.security.test.context.support.ReactorContextTestExecutionListener, org.springframework.boot.test.autoconfigure.restdocs.RestDocsTestExecutionListener, org.springframework.boot.test.autoconfigure.web.client.MockRestServiceServerResetTestExecutionListener, org.springframework.boot.test.autoconfigure.web.servlet.MockMvcPrintOnlyOnFailureTestExecutionListener, org.springframework.boot.test.autoconfigure.web.servlet.WebDriverTestExecutionListener, org.springframework.boot.test.autoconfigure.webservices.client.MockWebServiceServerTestExecutionListener, org.springframework.boot.test.mock.mockito.MockitoTestExecutionListener, org.springframework.boot.test.mock.mockito.ResetMocksTestExecutionListener, org.springframework.test.context.web.ServletTestExecutionListener, org.springframework.test.context.support.DirtiesContextBeforeModesTestExecutionListener, org.springframework.test.context.event.ApplicationEventsTestExecutionListener, org.springframework.test.context.support.DependencyInjectionTestExecutionListener, org.springframework.test.context.support.DirtiesContextTestExecutionListener, org.springframework.test.context.transaction.TransactionalTestExecutionListener, org.springframework.test.context.jdbc.SqlScriptsTestExecutionListener, org.springframework.test.context.event.EventPublishingTestExecutionListener]
12:42:25.589 [Test worker] INFO org.springframework.boot.test.context.SpringBootTestContextBootstrapper - Using TestExecutionListeners: [org.springframework.test.context.web.ServletTestExecutionListener@410ae9a3, org.springframework.test.context.support.DirtiesContextBeforeModesTestExecutionListener@319988b0, org.springframework.test.context.event.ApplicationEventsTestExecutionListener@d5ae57e, org.springframework.boot.test.mock.mockito.MockitoTestExecutionListener@68759011, org.springframework.boot.test.autoconfigure.SpringBootDependencyInjectionTestExecutionListener@7e242b4d, org.springframework.test.context.support.DirtiesContextTestExecutionListener@305f031, org.springframework.test.context.transaction.TransactionalTestExecutionListener@592e843a, org.springframework.test.context.jdbc.SqlScriptsTestExecutionListener@1d1f7216, org.springframework.security.test.context.support.WithSecurityContextTestExecutionListener@423e4cbb, org.springframework.test.context.event.EventPublishingTestExecutionListener@6e16b8b5, org.springframework.security.test.context.support.ReactorContextTestExecutionListener@43b4fe19, org.springframework.boot.test.autoconfigure.restdocs.RestDocsTestExecutionListener@25ddbbbb, org.springframework.boot.test.autoconfigure.web.client.MockRestServiceServerResetTestExecutionListener@1536602f, org.springframework.boot.test.autoconfigure.web.servlet.MockMvcPrintOnlyOnFailureTestExecutionListener@4ebea12c, org.springframework.boot.test.autoconfigure.web.servlet.WebDriverTestExecutionListener@2a1edad4, org.springframework.boot.test.autoconfigure.webservices.client.MockWebServiceServerTestExecutionListener@6256ac4f, org.springframework.boot.test.mock.mockito.ResetMocksTestExecutionListener@44c79f32]
12:42:25.590 [Test worker] DEBUG org.springframework.test.context.support.AbstractDirtiesContextTestExecutionListener - Before test class: context [DefaultTestContext@7e809b79 testClass = SpringBoilerplateApplicationTests, testInstance = [null], testMethod = [null], testException = [null], mergedContextConfiguration = [WebMergedContextConfiguration@5cc126dc testClass = SpringBoilerplateApplicationTests, locations = '{}', classes = '{class com.jinsim.springboilerplate.SpringBoilerplateApplication}', contextInitializerClasses = '[]', activeProfiles = '{test}', propertySourceLocations = '{}', propertySourceProperties = '{org.springframework.boot.test.context.SpringBootTestContextBootstrapper=true}', contextCustomizers = set[org.springframework.boot.test.autoconfigure.actuate.metrics.MetricsExportContextCustomizerFactory$DisableMetricExportContextCustomizer@40238dd0, org.springframework.boot.test.autoconfigure.properties.PropertyMappingContextCustomizer@0, org.springframework.boot.test.autoconfigure.web.servlet.WebDriverContextCustomizerFactory$Customizer@6e950bcf, org.springframework.boot.test.context.filter.ExcludeFilterContextCustomizer@525575, org.springframework.boot.test.json.DuplicateJsonObjectContextCustomizerFactory$DuplicateJsonObjectContextCustomizer@53dbe163, org.springframework.boot.test.mock.mockito.MockitoContextCustomizer@0, org.springframework.boot.test.web.client.TestRestTemplateContextCustomizer@4982cc36, org.springframework.boot.test.context.SpringBootTestArgs@1, org.springframework.boot.test.context.SpringBootTestWebEnvironment@2a266d09], resourceBasePath = 'src/main/webapp', contextLoader = 'org.springframework.boot.test.context.SpringBootContextLoader', parent = [null]], attributes = map['org.springframework.test.context.web.ServletTestExecutionListener.activateListener' -> true]], class annotated with @DirtiesContext [false] with mode [null].

  .   ____          _            __ _ _
 /\\ / ___'_ __ _ _(_)_ __  __ _ \ \ \ \
( ( )\___ | '_ | '_| | '_ \/ _` | \ \ \ \
 \\/  ___)| |_)| | | | | || (_| |  ) ) ) )
  '  |____| .__|_| |_|_| |_\__, | / / / /
 =========|_|==============|___/=/_/_/_/
 :: Spring Boot ::                (v2.7.3)

2025-11-25 12:42:25.684  WARN 18523 --- [    Test worker] ory$DuplicateJsonObjectContextCustomizer : 

Found multiple occurrences of org.json.JSONObject on the class path:

	jar:file:/Users/jaehyeonahn/.gradle/caches/modules-2/files-2.1/org.json/json/20220320/6df2c050972619466f6dcef7654ef9bcc01dfd0/json-20220320.jar!/org/json/JSONObject.class
	jar:file:/Users/jaehyeonahn/.gradle/caches/modules-2/files-2.1/com.vaadin.external.google/android-json/0.0.20131108.vaadin1/fa26d351fe62a6a17f5cda1287c1c6110dec413f/android-json-0.0.20131108.vaadin1.jar!/org/json/JSONObject.class

You may wish to exclude one of them to ensure predictable runtime behavior

2025-11-25 12:42:25.688  INFO 18523 --- [    Test worker] c.j.s.SpringBoilerplateApplicationTests  : Starting SpringBoilerplateApplicationTests using Java 17.0.17 on hyeonjaes-MacBook-Pro.local with PID 18523 (started by jaehyeonahn in /Users/jaehyeonahn/Desktop/github/springBoot-boilarPlate-2025)
2025-11-25 12:42:25.688  INFO 18523 --- [    Test worker] c.j.s.SpringBoilerplateApplicationTests  : The following 1 profile is active: "test"
2025-11-25 12:42:25.944  INFO 18523 --- [    Test worker] .s.d.r.c.RepositoryConfigurationDelegate : Multiple Spring Data modules found, entering strict repository configuration mode
2025-11-25 12:42:25.945  INFO 18523 --- [    Test worker] .s.d.r.c.RepositoryConfigurationDelegate : Bootstrapping Spring Data JPA repositories in DEFAULT mode.
2025-11-25 12:42:25.990  INFO 18523 --- [    Test worker] .s.d.r.c.RepositoryConfigurationDelegate : Finished Spring Data repository scanning in 43 ms. Found 4 JPA repository interfaces.
2025-11-25 12:42:25.994  INFO 18523 --- [    Test worker] .s.d.r.c.RepositoryConfigurationDelegate : Multiple Spring Data modules found, entering strict repository configuration mode
2025-11-25 12:42:25.994  INFO 18523 --- [    Test worker] .s.d.r.c.RepositoryConfigurationDelegate : Bootstrapping Spring Data Redis repositories in DEFAULT mode.
2025-11-25 12:42:26.000  INFO 18523 --- [    Test worker] .RepositoryConfigurationExtensionSupport : Spring Data Redis - Could not safely identify store assignment for repository candidate interface com.jinsim.springboilerplate.domain.account.repository.AccountRepository; If you want this repository to be a Redis repository, consider annotating your entities with one of these annotations: org.springframework.data.redis.core.RedisHash (preferred), or consider extending one of the following types with your repository: org.springframework.data.keyvalue.repository.KeyValueRepository
2025-11-25 12:42:26.000  INFO 18523 --- [    Test worker] .RepositoryConfigurationExtensionSupport : Spring Data Redis - Could not safely identify store assignment for repository candidate interface com.jinsim.springboilerplate.domain.board.repository.CommentRepository; If you want this repository to be a Redis repository, consider annotating your entities with one of these annotations: org.springframework.data.redis.core.RedisHash (preferred), or consider extending one of the following types with your repository: org.springframework.data.keyvalue.repository.KeyValueRepository
2025-11-25 12:42:26.000  INFO 18523 --- [    Test worker] .RepositoryConfigurationExtensionSupport : Spring Data Redis - Could not safely identify store assignment for repository candidate interface com.jinsim.springboilerplate.domain.board.repository.PostLikeRepository; If you want this repository to be a Redis repository, consider annotating your entities with one of these annotations: org.springframework.data.redis.core.RedisHash (preferred), or consider extending one of the following types with your repository: org.springframework.data.keyvalue.repository.KeyValueRepository
2025-11-25 12:42:26.000  INFO 18523 --- [    Test worker] .RepositoryConfigurationExtensionSupport : Spring Data Redis - Could not safely identify store assignment for repository candidate interface com.jinsim.springboilerplate.domain.board.repository.PostRepository; If you want this repository to be a Redis repository, consider annotating your entities with one of these annotations: org.springframework.data.redis.core.RedisHash (preferred), or consider extending one of the following types with your repository: org.springframework.data.keyvalue.repository.KeyValueRepository
2025-11-25 12:42:26.000  INFO 18523 --- [    Test worker] .s.d.r.c.RepositoryConfigurationDelegate : Finished Spring Data repository scanning in 4 ms. Found 0 Redis repository interfaces.
2025-11-25 12:42:26.189  INFO 18523 --- [    Test worker] com.zaxxer.hikari.HikariDataSource       : HikariPool-1 - Starting...
2025-11-25 12:42:26.249  INFO 18523 --- [    Test worker] com.zaxxer.hikari.HikariDataSource       : HikariPool-1 - Start completed.
2025-11-25 12:42:26.268  INFO 18523 --- [    Test worker] o.hibernate.jpa.internal.util.LogHelper  : HHH000204: Processing PersistenceUnitInfo [name: default]
2025-11-25 12:42:26.283  INFO 18523 --- [    Test worker] org.hibernate.Version                    : HHH000412: Hibernate ORM core version 5.6.10.Final
2025-11-25 12:42:26.328  INFO 18523 --- [    Test worker] o.hibernate.annotations.common.Version   : HCANN000001: Hibernate Commons Annotations {5.1.2.Final}
2025-11-25 12:42:26.360  INFO 18523 --- [    Test worker] org.hibernate.dialect.Dialect            : HHH000400: Using dialect: org.hibernate.dialect.H2Dialect
2025-11-25 12:42:26.550  INFO 18523 --- [    Test worker] p6spy                                    : #1764042146550 | took 0ms | statement | connection 2| url jdbc:h2:mem:testdb
drop table if exists account CASCADE 
drop table if exists account CASCADE ;
2025-11-25 12:42:26.550  INFO 18523 --- [    Test worker] p6spy                                    : #1764042146550 | took 0ms | statement | connection 2| url jdbc:h2:mem:testdb
drop table if exists comment CASCADE 
drop table if exists comment CASCADE ;
2025-11-25 12:42:26.550  INFO 18523 --- [    Test worker] p6spy                                    : #1764042146550 | took 0ms | statement | connection 2| url jdbc:h2:mem:testdb
drop table if exists post CASCADE 
drop table if exists post CASCADE ;
2025-11-25 12:42:26.551  INFO 18523 --- [    Test worker] p6spy                                    : #1764042146551 | took 0ms | statement | connection 2| url jdbc:h2:mem:testdb
drop table if exists post_like CASCADE 
drop table if exists post_like CASCADE ;
2025-11-25 12:42:26.553  INFO 18523 --- [    Test worker] p6spy                                    : #1764042146553 | took 2ms | statement | connection 3| url jdbc:h2:mem:testdb
create table account (account_id bigint generated by default as identity, create_date timestamp, modified_date timestamp, email varchar(255) not null, encoded_password varchar(255) not null, name varchar(255) not null, primary key (account_id))
create table account (account_id bigint generated by default as identity, create_date timestamp, modified_date timestamp, email varchar(255) not null, encoded_password varchar(255) not null, name varchar(255) not null, primary key (account_id));
2025-11-25 12:42:26.554  INFO 18523 --- [    Test worker] p6spy                                    : #1764042146554 | took 0ms | statement | connection 3| url jdbc:h2:mem:testdb
create table comment (comment_id bigint generated by default as identity, create_date timestamp, modified_date timestamp, content varchar(1000) not null, post_id bigint not null, account_id bigint not null, primary key (comment_id))
create table comment (comment_id bigint generated by default as identity, create_date timestamp, modified_date timestamp, content varchar(1000) not null, post_id bigint not null, account_id bigint not null, primary key (comment_id));
2025-11-25 12:42:26.554  INFO 18523 --- [    Test worker] p6spy                                    : #1764042146554 | took 0ms | statement | connection 3| url jdbc:h2:mem:testdb
create table post (post_id bigint generated by default as identity, create_date timestamp, modified_date timestamp, content TEXT not null, title varchar(500) not null, view_count integer, account_id bigint not null, primary key (post_id))
create table post (post_id bigint generated by default as identity, create_date timestamp, modified_date timestamp, content TEXT not null, title varchar(500) not null, view_count integer, account_id bigint not null, primary key (post_id));
2025-11-25 12:42:26.555  INFO 18523 --- [    Test worker] p6spy                                    : #1764042146555 | took 0ms | statement | connection 3| url jdbc:h2:mem:testdb
create table post_like (post_like_id bigint generated by default as identity, post_id bigint not null, account_id bigint not null, primary key (post_like_id))
create table post_like (post_like_id bigint generated by default as identity, post_id bigint not null, account_id bigint not null, primary key (post_like_id));
2025-11-25 12:42:26.558  INFO 18523 --- [    Test worker] p6spy                                    : #1764042146558 | took 3ms | statement | connection 3| url jdbc:h2:mem:testdb
alter table comment add constraint FKs1slvnkuemjsq2kj4h3vhx7i1 foreign key (post_id) references post
alter table comment add constraint FKs1slvnkuemjsq2kj4h3vhx7i1 foreign key (post_id) references post;
2025-11-25 12:42:26.559  INFO 18523 --- [    Test worker] p6spy                                    : #1764042146559 | took 0ms | statement | connection 3| url jdbc:h2:mem:testdb
alter table comment add constraint FKp41h5al2ajp1q0u6ox3i68w61 foreign key (account_id) references account
alter table comment add constraint FKp41h5al2ajp1q0u6ox3i68w61 foreign key (account_id) references account;
2025-11-25 12:42:26.559  INFO 18523 --- [    Test worker] p6spy                                    : #1764042146559 | took 0ms | statement | connection 3| url jdbc:h2:mem:testdb
alter table post add constraint FKe5hjewhnd6trrdgt8i6uapkhy foreign key (account_id) references account
alter table post add constraint FKe5hjewhnd6trrdgt8i6uapkhy foreign key (account_id) references account;
2025-11-25 12:42:26.560  INFO 18523 --- [    Test worker] p6spy                                    : #1764042146560 | took 0ms | statement | connection 3| url jdbc:h2:mem:testdb
alter table post_like add constraint FKj7iy0k7n3d0vkh8o7ibjna884 foreign key (post_id) references post
alter table post_like add constraint FKj7iy0k7n3d0vkh8o7ibjna884 foreign key (post_id) references post;
2025-11-25 12:42:26.560  INFO 18523 --- [    Test worker] p6spy                                    : #1764042146560 | took 0ms | statement | connection 3| url jdbc:h2:mem:testdb
alter table post_like add constraint FKcukkfowmvhtty0npyl6lttkpv foreign key (account_id) references account
alter table post_like add constraint FKcukkfowmvhtty0npyl6lttkpv foreign key (account_id) references account;
2025-11-25 12:42:26.561  INFO 18523 --- [    Test worker] o.h.e.t.j.p.i.JtaPlatformInitiator       : HHH000490: Using JtaPlatform implementation: [org.hibernate.engine.transaction.jta.platform.internal.NoJtaPlatform]
2025-11-25 12:42:26.563  INFO 18523 --- [    Test worker] j.LocalContainerEntityManagerFactoryBean : Initialized JPA EntityManagerFactory for persistence unit 'default'
2025-11-25 12:42:26.889  INFO 18523 --- [    Test worker] o.s.s.web.DefaultSecurityFilterChain     : Will secure any request with [org.springframework.security.web.session.DisableEncodeUrlFilter@498cf1dc, org.springframework.security.web.context.request.async.WebAsyncManagerIntegrationFilter@b9c8678, org.springframework.security.web.context.SecurityContextPersistenceFilter@8b93c88, org.springframework.security.web.header.HeaderWriterFilter@5ce7ab6f, org.springframework.security.web.authentication.logout.LogoutFilter@6441db2c, com.jinsim.springboilerplate.global.jwt.JwtFilter@1c0a4f87, org.springframework.security.web.savedrequest.RequestCacheAwareFilter@475fb7, org.springframework.security.web.servletapi.SecurityContextHolderAwareRequestFilter@41db6e4b, org.springframework.security.web.authentication.AnonymousAuthenticationFilter@318beab4, org.springframework.security.web.session.SessionManagementFilter@51a06fd5, org.springframework.security.web.access.ExceptionTranslationFilter@5457123a, org.springframework.security.web.access.intercept.FilterSecurityInterceptor@276b68af]
2025-11-25 12:42:26.985  WARN 18523 --- [    Test worker] JpaBaseConfiguration$JpaWebConfiguration : spring.jpa.open-in-view is enabled by default. Therefore, database queries may be performed during view rendering. Explicitly configure spring.jpa.open-in-view to disable this warning
2025-11-25 12:42:27.425  INFO 18523 --- [    Test worker] c.j.s.SpringBoilerplateApplicationTests  : Started SpringBoilerplateApplicationTests in 1.826 seconds (JVM running for 2.142)
]]></system-out>
  <system-err><![CDATA[]]></system-err>
</testsuite>
