<?xml version="1.0" encoding="UTF-8"?>
<testsuite name="com.jinsim.springboilerplate.board.repository.PostRepositoryTest" tests="4" skipped="0" failures="0" errors="0" timestamp="2025-11-25T03:42:27" hostname="hyeonjaes-MacBook-Pro.local" time="0.171">
  <properties/>
  <testcase name="findByWriterTest()" classname="com.jinsim.springboilerplate.board.repository.PostRepositoryTest" time="0.015"/>
  <testcase name="updateViewCountTest()" classname="com.jinsim.springboilerplate.board.repository.PostRepositoryTest" time="0.138"/>
  <testcase name="findByTitleContainsTest()" classname="com.jinsim.springboilerplate.board.repository.PostRepositoryTest" time="0.009"/>
  <testcase name="findAllByOrderByIdDescTest()" classname="com.jinsim.springboilerplate.board.repository.PostRepositoryTest" time="0.008"/>
  <system-out><![CDATA[2025-11-25 12:42:27.972  INFO 18523 --- [    Test worker] b.t.a.o.j.DataJpaTestContextBootstrapper : Neither @ContextConfiguration nor @ContextHierarchy found for test class [com.jinsim.springboilerplate.board.repository.PostRepositoryTest], using SpringBootContextLoader
2025-11-25 12:42:27.972  INFO 18523 --- [    Test worker] o.s.t.c.support.AbstractContextLoader    : Could not detect default resource locations for test class [com.jinsim.springboilerplate.board.repository.PostRepositoryTest]: no resource found for suffixes {-context.xml, Context.groovy}.
2025-11-25 12:42:27.972  INFO 18523 --- [    Test worker] t.c.s.AnnotationConfigContextLoaderUtils : Could not detect default configuration classes for test class [com.jinsim.springboilerplate.board.repository.PostRepositoryTest]: PostRepositoryTest does not declare any static, non-private, non-final, nested classes annotated with @Configuration.
2025-11-25 12:42:27.974  INFO 18523 --- [    Test worker] .b.t.c.SpringBootTestContextBootstrapper : Found @SpringBootConfiguration com.jinsim.springboilerplate.SpringBoilerplateApplication for test class com.jinsim.springboilerplate.board.repository.PostRepositoryTest
2025-11-25 12:42:27.975  INFO 18523 --- [    Test worker] b.t.a.o.j.DataJpaTestContextBootstrapper : Loaded default TestExecutionListener class names from location [META-INF/spring.factories]: [org.springframework.security.test.context.support.WithSecurityContextTestExecutionListener, org.springframework.security.test.context.support.ReactorContextTestExecutionListener, org.springframework.boot.test.autoconfigure.restdocs.RestDocsTestExecutionListener, org.springframework.boot.test.autoconfigure.web.client.MockRestServiceServerResetTestExecutionListener, org.springframework.boot.test.autoconfigure.web.servlet.MockMvcPrintOnlyOnFailureTestExecutionListener, org.springframework.boot.test.autoconfigure.web.servlet.WebDriverTestExecutionListener, org.springframework.boot.test.autoconfigure.webservices.client.MockWebServiceServerTestExecutionListener, org.springframework.boot.test.mock.mockito.MockitoTestExecutionListener, org.springframework.boot.test.mock.mockito.ResetMocksTestExecutionListener, org.springframework.test.context.web.ServletTestExecutionListener, org.springframework.test.context.support.DirtiesContextBeforeModesTestExecutionListener, org.springframework.test.context.event.ApplicationEventsTestExecutionListener, org.springframework.test.context.support.DependencyInjectionTestExecutionListener, org.springframework.test.context.support.DirtiesContextTestExecutionListener, org.springframework.test.context.transaction.TransactionalTestExecutionListener, org.springframework.test.context.jdbc.SqlScriptsTestExecutionListener, org.springframework.test.context.event.EventPublishingTestExecutionListener]
2025-11-25 12:42:27.975  INFO 18523 --- [    Test worker] b.t.a.o.j.DataJpaTestContextBootstrapper : Using TestExecutionListeners: [org.springframework.test.context.web.ServletTestExecutionListener@1e6a74fe, org.springframework.test.context.support.DirtiesContextBeforeModesTestExecutionListener@d594a5a, org.springframework.test.context.event.ApplicationEventsTestExecutionListener@77199818, org.springframework.boot.test.mock.mockito.MockitoTestExecutionListener@72216f0b, org.springframework.boot.test.autoconfigure.SpringBootDependencyInjectionTestExecutionListener@3fa13835, org.springframework.test.context.support.DirtiesContextTestExecutionListener@78edbe01, org.springframework.test.context.transaction.TransactionalTestExecutionListener@438f205c, org.springframework.test.context.jdbc.SqlScriptsTestExecutionListener@3a2f4611, org.springframework.security.test.context.support.WithSecurityContextTestExecutionListener@cf9a1f1, org.springframework.test.context.event.EventPublishingTestExecutionListener@19710bd9, org.springframework.security.test.context.support.ReactorContextTestExecutionListener@23c6556b, org.springframework.boot.test.autoconfigure.restdocs.RestDocsTestExecutionListener@631990cc, org.springframework.boot.test.autoconfigure.web.client.MockRestServiceServerResetTestExecutionListener@222e4377, org.springframework.boot.test.autoconfigure.web.servlet.MockMvcPrintOnlyOnFailureTestExecutionListener@3310bb28, org.springframework.boot.test.autoconfigure.web.servlet.WebDriverTestExecutionListener@22eccd2c, org.springframework.boot.test.autoconfigure.webservices.client.MockWebServiceServerTestExecutionListener@ddca64d, org.springframework.boot.test.mock.mockito.ResetMocksTestExecutionListener@5d39797a]
2025-11-25 12:42:27.976  INFO 18523 --- [    Test worker] o.s.t.c.transaction.TransactionContext   : Began transaction (1) for test context [DefaultTestContext@47814094 testClass = PostRepositoryTest, testInstance = com.jinsim.springboilerplate.board.repository.PostRepositoryTest@51e513b7, testMethod = findByWriterTest@PostRepositoryTest, testException = [null], mergedContextConfiguration = [MergedContextConfiguration@87affb5 testClass = PostRepositoryTest, locations = '{}', classes = '{class com.jinsim.springboilerplate.SpringBoilerplateApplication}', contextInitializerClasses = '[]', activeProfiles = '{}', propertySourceLocations = '{}', propertySourceProperties = '{org.springframework.boot.test.autoconfigure.orm.jpa.DataJpaTestContextBootstrapper=true}', contextCustomizers = set[org.springframework.boot.test.autoconfigure.OverrideAutoConfigurationContextCustomizerFactory$DisableAutoConfigurationContextCustomizer@3eff5c32, org.springframework.boot.test.autoconfigure.actuate.metrics.MetricsExportContextCustomizerFactory$DisableMetricExportContextCustomizer@40238dd0, org.springframework.boot.test.autoconfigure.filter.TypeExcludeFiltersContextCustomizer@351584c0, org.springframework.boot.test.autoconfigure.properties.PropertyMappingContextCustomizer@7a0bb85d, org.springframework.boot.test.autoconfigure.web.servlet.WebDriverContextCustomizerFactory$Customizer@6e950bcf, [ImportsContextCustomizer@1c461b90 key = [org.springframework.boot.autoconfigure.cache.CacheAutoConfiguration, org.springframework.boot.autoconfigure.data.jpa.JpaRepositoriesAutoConfiguration, org.springframework.boot.autoconfigure.flyway.FlywayAutoConfiguration, org.springframework.boot.autoconfigure.jdbc.DataSourceAutoConfiguration, org.springframework.boot.autoconfigure.jdbc.DataSourceTransactionManagerAutoConfiguration, org.springframework.boot.autoconfigure.jdbc.JdbcTemplateAutoConfiguration, org.springframework.boot.autoconfigure.liquibase.LiquibaseAutoConfiguration, org.springframework.boot.autoconfigure.orm.jpa.HibernateJpaAutoConfiguration, org.springframework.boot.autoconfigure.sql.init.SqlInitializationAutoConfiguration, org.springframework.boot.autoconfigure.transaction.TransactionAutoConfiguration, com.github.gavlyukovskiy.boot.jdbc.decorator.DataSourceDecoratorAutoConfiguration, org.springframework.boot.test.autoconfigure.jdbc.TestDatabaseAutoConfiguration, org.springframework.boot.test.autoconfigure.orm.jpa.TestEntityManagerAutoConfiguration, com.jinsim.springboilerplate.global.config.P6SpyConfiguration]], org.springframework.boot.test.context.filter.ExcludeFilterContextCustomizer@525575, org.springframework.boot.test.json.DuplicateJsonObjectContextCustomizerFactory$DuplicateJsonObjectContextCustomizer@53dbe163, org.springframework.boot.test.mock.mockito.MockitoContextCustomizer@0, org.springframework.boot.test.context.SpringBootTestArgs@1, org.springframework.boot.test.context.SpringBootTestWebEnvironment@0], contextLoader = 'org.springframework.boot.test.context.SpringBootContextLoader', parent = [null]], attributes = map['org.springframework.test.context.event.ApplicationEventsTestExecutionListener.recordApplicationEvents' -> false]]; transaction manager [org.springframework.orm.jpa.JpaTransactionManager@75583206]; rollback [true]
2025-11-25 12:42:27.978  INFO 18523 --- [    Test worker] p6spy                                    : 

    INSERT 
    INTO
        ACCOUNT
        (ACCOUNT_ID, CREATE_DATE, EMAIL, ENCODED_PASSWORD, NAME) 
    VALUES
        (DEFAULT, '2025-11-25T12:42:27.977', 'TEST1@EMAIL.COM', 'ENCODEDPASSWORD1', 'TEST1')

	Connection ID: 11
	Execution Time: 0 ms

	Call Stack (number 1 is entry point): 

----------------------------------------------------------------------------------------------------
2025-11-25 12:42:27.979  INFO 18523 --- [    Test worker] p6spy                                    : 

    INSERT 
    INTO
        ACCOUNT
        (ACCOUNT_ID, CREATE_DATE, EMAIL, ENCODED_PASSWORD, NAME) 
    VALUES
        (DEFAULT, '2025-11-25T12:42:27.978', 'TEST2@EMAIL.COM', 'ENCODEDPASSWORD2', 'TEST2')

	Connection ID: 11
	Execution Time: 0 ms

	Call Stack (number 1 is entry point): 

----------------------------------------------------------------------------------------------------
2025-11-25 12:42:27.983  INFO 18523 --- [    Test worker] p6spy                                    : 

    INSERT 
    INTO
        POST
        (POST_ID, CREATE_DATE, CONTENT, TITLE, VIEW_COUNT, ACCOUNT_ID) 
    VALUES
        (DEFAULT, '2025-11-25T12:42:27.980', 'CONTENT1', 'TITLE1', 0, 4)

	Connection ID: 11
	Execution Time: 0 ms

	Call Stack (number 1 is entry point): 

----------------------------------------------------------------------------------------------------
2025-11-25 12:42:27.984  INFO 18523 --- [    Test worker] p6spy                                    : 

    INSERT 
    INTO
        POST
        (POST_ID, CREATE_DATE, CONTENT, TITLE, VIEW_COUNT, ACCOUNT_ID) 
    VALUES
        (DEFAULT, '2025-11-25T12:42:27.984', 'CONTENT2', 'TEST2', 0, 4)

	Connection ID: 11
	Execution Time: 0 ms

	Call Stack (number 1 is entry point): 

----------------------------------------------------------------------------------------------------
2025-11-25 12:42:27.985  INFO 18523 --- [    Test worker] p6spy                                    : 

    INSERT 
    INTO
        POST
        (POST_ID, CREATE_DATE, CONTENT, TITLE, VIEW_COUNT, ACCOUNT_ID) 
    VALUES
        (DEFAULT, '2025-11-25T12:42:27.984', 'CONTENT3', 'TITLE3', 0, 4)

	Connection ID: 11
	Execution Time: 0 ms

	Call Stack (number 1 is entry point): 

----------------------------------------------------------------------------------------------------
2025-11-25 12:42:27.985  INFO 18523 --- [    Test worker] p6spy                                    : 

    INSERT 
    INTO
        POST
        (POST_ID, CREATE_DATE, CONTENT, TITLE, VIEW_COUNT, ACCOUNT_ID) 
    VALUES
        (DEFAULT, '2025-11-25T12:42:27.985', 'CONTENT4', 'TITLE4', 0, 5)

	Connection ID: 11
	Execution Time: 0 ms

	Call Stack (number 1 is entry point): 

----------------------------------------------------------------------------------------------------
2025-11-25 12:42:27.986  INFO 18523 --- [    Test worker] p6spy                                    : 

    INSERT 
    INTO
        POST
        (POST_ID, CREATE_DATE, CONTENT, TITLE, VIEW_COUNT, ACCOUNT_ID) 
    VALUES
        (DEFAULT, '2025-11-25T12:42:27.985', 'CONTENT5', 'TITLE5', 0, 5)

	Connection ID: 11
	Execution Time: 0 ms

	Call Stack (number 1 is entry point): 

----------------------------------------------------------------------------------------------------
2025-11-25 12:42:27.988  INFO 18523 --- [    Test worker] p6spy                                    : 

    SELECT
        ACCOUNT0_.ACCOUNT_ID AS ACCOUNT_1_0_,
        ACCOUNT0_.CREATE_DATE AS CREATE_D2_0_,
        ACCOUNT0_.MODIFIED_DATE AS MODIFIED3_0_,
        ACCOUNT0_.EMAIL AS EMAIL4_0_,
        ACCOUNT0_.ENCODED_PASSWORD AS ENCODED_5_0_,
        ACCOUNT0_.NAME AS NAME6_0_ 
    FROM
        ACCOUNT ACCOUNT0_ 
    WHERE
        ACCOUNT0_.EMAIL='TEST1@EMAIL.COM'

	Connection ID: 11
	Execution Time: 0 ms

	Call Stack (number 1 is entry point): 

----------------------------------------------------------------------------------------------------
2025-11-25 12:42:27.990  INFO 18523 --- [    Test worker] p6spy                                    : 

    SELECT
        POST0_.POST_ID AS POST_ID1_2_,
        POST0_.CREATE_DATE AS CREATE_D2_2_,
        POST0_.MODIFIED_DATE AS MODIFIED3_2_,
        POST0_.CONTENT AS CONTENT4_2_,
        POST0_.TITLE AS TITLE5_2_,
        POST0_.VIEW_COUNT AS VIEW_COU6_2_,
        POST0_.ACCOUNT_ID AS ACCOUNT_7_2_ 
    FROM
        POST POST0_ 
    WHERE
        POST0_.ACCOUNT_ID=4

	Connection ID: 11
	Execution Time: 0 ms

	Call Stack (number 1 is entry point): 

----------------------------------------------------------------------------------------------------
2025-11-25 12:42:27.991  INFO 18523 --- [    Test worker] p6spy                                    : 
2025-11-25 12:42:27.992  INFO 18523 --- [    Test worker] o.s.t.c.transaction.TransactionContext   : Rolled back transaction for test: [DefaultTestContext@47814094 testClass = PostRepositoryTest, testInstance = com.jinsim.springboilerplate.board.repository.PostRepositoryTest@51e513b7, testMethod = findByWriterTest@PostRepositoryTest, testException = [null], mergedContextConfiguration = [MergedContextConfiguration@87affb5 testClass = PostRepositoryTest, locations = '{}', classes = '{class com.jinsim.springboilerplate.SpringBoilerplateApplication}', contextInitializerClasses = '[]', activeProfiles = '{}', propertySourceLocations = '{}', propertySourceProperties = '{org.springframework.boot.test.autoconfigure.orm.jpa.DataJpaTestContextBootstrapper=true}', contextCustomizers = set[org.springframework.boot.test.autoconfigure.OverrideAutoConfigurationContextCustomizerFactory$DisableAutoConfigurationContextCustomizer@3eff5c32, org.springframework.boot.test.autoconfigure.actuate.metrics.MetricsExportContextCustomizerFactory$DisableMetricExportContextCustomizer@40238dd0, org.springframework.boot.test.autoconfigure.filter.TypeExcludeFiltersContextCustomizer@351584c0, org.springframework.boot.test.autoconfigure.properties.PropertyMappingContextCustomizer@7a0bb85d, org.springframework.boot.test.autoconfigure.web.servlet.WebDriverContextCustomizerFactory$Customizer@6e950bcf, [ImportsContextCustomizer@1c461b90 key = [org.springframework.boot.autoconfigure.cache.CacheAutoConfiguration, org.springframework.boot.autoconfigure.data.jpa.JpaRepositoriesAutoConfiguration, org.springframework.boot.autoconfigure.flyway.FlywayAutoConfiguration, org.springframework.boot.autoconfigure.jdbc.DataSourceAutoConfiguration, org.springframework.boot.autoconfigure.jdbc.DataSourceTransactionManagerAutoConfiguration, org.springframework.boot.autoconfigure.jdbc.JdbcTemplateAutoConfiguration, org.springframework.boot.autoconfigure.liquibase.LiquibaseAutoConfiguration, org.springframework.boot.autoconfigure.orm.jpa.HibernateJpaAutoConfiguration, org.springframework.boot.autoconfigure.sql.init.SqlInitializationAutoConfiguration, org.springframework.boot.autoconfigure.transaction.TransactionAutoConfiguration, com.github.gavlyukovskiy.boot.jdbc.decorator.DataSourceDecoratorAutoConfiguration, org.springframework.boot.test.autoconfigure.jdbc.TestDatabaseAutoConfiguration, org.springframework.boot.test.autoconfigure.orm.jpa.TestEntityManagerAutoConfiguration, com.jinsim.springboilerplate.global.config.P6SpyConfiguration]], org.springframework.boot.test.context.filter.ExcludeFilterContextCustomizer@525575, org.springframework.boot.test.json.DuplicateJsonObjectContextCustomizerFactory$DuplicateJsonObjectContextCustomizer@53dbe163, org.springframework.boot.test.mock.mockito.MockitoContextCustomizer@0, org.springframework.boot.test.context.SpringBootTestArgs@1, org.springframework.boot.test.context.SpringBootTestWebEnvironment@0], contextLoader = 'org.springframework.boot.test.context.SpringBootContextLoader', parent = [null]], attributes = map['org.springframework.test.context.event.ApplicationEventsTestExecutionListener.recordApplicationEvents' -> false]]
2025-11-25 12:42:27.993  INFO 18523 --- [    Test worker] j.LocalContainerEntityManagerFactoryBean : Closing JPA EntityManagerFactory for persistence unit 'default'
2025-11-25 12:42:27.993  INFO 18523 --- [    Test worker] .SchemaDropperImpl$DelayedDropActionImpl : HHH000477: Starting delayed evictData of schema as part of SessionFactory shut-down'
2025-11-25 12:42:27.994  INFO 18523 --- [    Test worker] p6spy                                    : 

    DROP TABLE IF EXISTS ACCOUNT CASCADE 

	Connection ID: 12
	Execution Time: 0 ms

	Call Stack (number 1 is entry point): 

----------------------------------------------------------------------------------------------------
2025-11-25 12:42:27.994  INFO 18523 --- [    Test worker] p6spy                                    : 

    DROP TABLE IF EXISTS COMMENT CASCADE 

	Connection ID: 12
	Execution Time: 0 ms

	Call Stack (number 1 is entry point): 

----------------------------------------------------------------------------------------------------
2025-11-25 12:42:27.995  INFO 18523 --- [    Test worker] p6spy                                    : 

    DROP TABLE IF EXISTS POST CASCADE 

	Connection ID: 12
	Execution Time: 0 ms

	Call Stack (number 1 is entry point): 

----------------------------------------------------------------------------------------------------
2025-11-25 12:42:27.995  INFO 18523 --- [    Test worker] p6spy                                    : 

    DROP TABLE IF EXISTS POST_LIKE CASCADE 

	Connection ID: 12
	Execution Time: 0 ms

	Call Stack (number 1 is entry point): 

----------------------------------------------------------------------------------------------------
2025-11-25 12:42:27.995  INFO 18523 --- [    Test worker] com.zaxxer.hikari.HikariDataSource       : HikariPool-2 - Shutdown initiated...
2025-11-25 12:42:27.996  INFO 18523 --- [    Test worker] com.zaxxer.hikari.HikariDataSource       : HikariPool-2 - Shutdown completed.

  .   ____          _            __ _ _
 /\\ / ___'_ __ _ _(_)_ __  __ _ \ \ \ \
( ( )\___ | '_ | '_| | '_ \/ _` | \ \ \ \
 \\/  ___)| |_)| | | | | || (_| |  ) ) ) )
  '  |____| .__|_| |_|_| |_\__, | / / / /
 =========|_|==============|___/=/_/_/_/
 :: Spring Boot ::                (v2.7.3)

2025-11-25 12:42:28.003  WARN 18523 --- [    Test worker] ory$DuplicateJsonObjectContextCustomizer : 

Found multiple occurrences of org.json.JSONObject on the class path:

	jar:file:/Users/jaehyeonahn/.gradle/caches/modules-2/files-2.1/org.json/json/20220320/6df2c050972619466f6dcef7654ef9bcc01dfd0/json-20220320.jar!/org/json/JSONObject.class
	jar:file:/Users/jaehyeonahn/.gradle/caches/modules-2/files-2.1/com.vaadin.external.google/android-json/0.0.20131108.vaadin1/fa26d351fe62a6a17f5cda1287c1c6110dec413f/android-json-0.0.20131108.vaadin1.jar!/org/json/JSONObject.class

You may wish to exclude one of them to ensure predictable runtime behavior

2025-11-25 12:42:28.003  INFO 18523 --- [    Test worker] c.j.s.b.repository.PostRepositoryTest    : Starting PostRepositoryTest using Java 17.0.17 on hyeonjaes-MacBook-Pro.local with PID 18523 (started by jaehyeonahn in /Users/jaehyeonahn/Desktop/github/springBoot-boilarPlate-2025)
2025-11-25 12:42:28.003  INFO 18523 --- [    Test worker] c.j.s.b.repository.PostRepositoryTest    : No active profile set, falling back to 1 default profile: "test"
2025-11-25 12:42:28.023  INFO 18523 --- [    Test worker] .s.d.r.c.RepositoryConfigurationDelegate : Multiple Spring Data modules found, entering strict repository configuration mode
2025-11-25 12:42:28.023  INFO 18523 --- [    Test worker] .s.d.r.c.RepositoryConfigurationDelegate : Bootstrapping Spring Data JPA repositories in DEFAULT mode.
2025-11-25 12:42:28.027  INFO 18523 --- [    Test worker] .s.d.r.c.RepositoryConfigurationDelegate : Finished Spring Data repository scanning in 4 ms. Found 4 JPA repository interfaces.
2025-11-25 12:42:28.039  INFO 18523 --- [    Test worker] c.g.g.b.j.d.p6spy.P6SpyConfiguration     : P6Spy modulelist is overridden, some p6spy configuration features will not be applied
2025-11-25 12:42:28.044  INFO 18523 --- [    Test worker] com.zaxxer.hikari.HikariDataSource       : HikariPool-3 - Starting...
2025-11-25 12:42:28.045  INFO 18523 --- [    Test worker] com.zaxxer.hikari.HikariDataSource       : HikariPool-3 - Start completed.
2025-11-25 12:42:28.048  INFO 18523 --- [    Test worker] o.hibernate.jpa.internal.util.LogHelper  : HHH000204: Processing PersistenceUnitInfo [name: default]
2025-11-25 12:42:28.049  INFO 18523 --- [    Test worker] org.hibernate.dialect.Dialect            : HHH000400: Using dialect: org.hibernate.dialect.H2Dialect
2025-11-25 12:42:28.067  INFO 18523 --- [    Test worker] p6spy                                    : #1764042148067 | took 0ms | statement | connection 15| url jdbc:h2:mem:testdb
drop table if exists account CASCADE 
drop table if exists account CASCADE ;
2025-11-25 12:42:28.067  INFO 18523 --- [    Test worker] p6spy                                    : #1764042148067 | took 0ms | statement | connection 15| url jdbc:h2:mem:testdb
drop table if exists comment CASCADE 
drop table if exists comment CASCADE ;
2025-11-25 12:42:28.067  INFO 18523 --- [    Test worker] p6spy                                    : #1764042148067 | took 0ms | statement | connection 15| url jdbc:h2:mem:testdb
drop table if exists post CASCADE 
drop table if exists post CASCADE ;
2025-11-25 12:42:28.067  INFO 18523 --- [    Test worker] p6spy                                    : #1764042148067 | took 0ms | statement | connection 15| url jdbc:h2:mem:testdb
drop table if exists post_like CASCADE 
drop table if exists post_like CASCADE ;
2025-11-25 12:42:28.068  INFO 18523 --- [    Test worker] p6spy                                    : #1764042148068 | took 0ms | statement | connection 16| url jdbc:h2:mem:testdb
create table account (account_id bigint generated by default as identity, create_date timestamp, modified_date timestamp, email varchar(255) not null, encoded_password varchar(255) not null, name varchar(255) not null, primary key (account_id))
create table account (account_id bigint generated by default as identity, create_date timestamp, modified_date timestamp, email varchar(255) not null, encoded_password varchar(255) not null, name varchar(255) not null, primary key (account_id));
2025-11-25 12:42:28.068  INFO 18523 --- [    Test worker] p6spy                                    : #1764042148068 | took 0ms | statement | connection 16| url jdbc:h2:mem:testdb
create table comment (comment_id bigint generated by default as identity, create_date timestamp, modified_date timestamp, content varchar(1000) not null, post_id bigint not null, account_id bigint not null, primary key (comment_id))
create table comment (comment_id bigint generated by default as identity, create_date timestamp, modified_date timestamp, content varchar(1000) not null, post_id bigint not null, account_id bigint not null, primary key (comment_id));
2025-11-25 12:42:28.068  INFO 18523 --- [    Test worker] p6spy                                    : #1764042148068 | took 0ms | statement | connection 16| url jdbc:h2:mem:testdb
create table post (post_id bigint generated by default as identity, create_date timestamp, modified_date timestamp, content TEXT not null, title varchar(500) not null, view_count integer, account_id bigint not null, primary key (post_id))
create table post (post_id bigint generated by default as identity, create_date timestamp, modified_date timestamp, content TEXT not null, title varchar(500) not null, view_count integer, account_id bigint not null, primary key (post_id));
2025-11-25 12:42:28.069  INFO 18523 --- [    Test worker] p6spy                                    : #1764042148069 | took 0ms | statement | connection 16| url jdbc:h2:mem:testdb
create table post_like (post_like_id bigint generated by default as identity, post_id bigint not null, account_id bigint not null, primary key (post_like_id))
create table post_like (post_like_id bigint generated by default as identity, post_id bigint not null, account_id bigint not null, primary key (post_like_id));
2025-11-25 12:42:28.069  INFO 18523 --- [    Test worker] p6spy                                    : #1764042148069 | took 0ms | statement | connection 16| url jdbc:h2:mem:testdb
alter table comment add constraint FKs1slvnkuemjsq2kj4h3vhx7i1 foreign key (post_id) references post
alter table comment add constraint FKs1slvnkuemjsq2kj4h3vhx7i1 foreign key (post_id) references post;
2025-11-25 12:42:28.069  INFO 18523 --- [    Test worker] p6spy                                    : #1764042148069 | took 0ms | statement | connection 16| url jdbc:h2:mem:testdb
alter table comment add constraint FKp41h5al2ajp1q0u6ox3i68w61 foreign key (account_id) references account
alter table comment add constraint FKp41h5al2ajp1q0u6ox3i68w61 foreign key (account_id) references account;
2025-11-25 12:42:28.070  INFO 18523 --- [    Test worker] p6spy                                    : #1764042148070 | took 0ms | statement | connection 16| url jdbc:h2:mem:testdb
alter table post add constraint FKe5hjewhnd6trrdgt8i6uapkhy foreign key (account_id) references account
alter table post add constraint FKe5hjewhnd6trrdgt8i6uapkhy foreign key (account_id) references account;
2025-11-25 12:42:28.070  INFO 18523 --- [    Test worker] p6spy                                    : #1764042148070 | took 0ms | statement | connection 16| url jdbc:h2:mem:testdb
alter table post_like add constraint FKj7iy0k7n3d0vkh8o7ibjna884 foreign key (post_id) references post
alter table post_like add constraint FKj7iy0k7n3d0vkh8o7ibjna884 foreign key (post_id) references post;
2025-11-25 12:42:28.071  INFO 18523 --- [    Test worker] p6spy                                    : #1764042148071 | took 0ms | statement | connection 16| url jdbc:h2:mem:testdb
alter table post_like add constraint FKcukkfowmvhtty0npyl6lttkpv foreign key (account_id) references account
alter table post_like add constraint FKcukkfowmvhtty0npyl6lttkpv foreign key (account_id) references account;
2025-11-25 12:42:28.071  INFO 18523 --- [    Test worker] o.h.e.t.j.p.i.JtaPlatformInitiator       : HHH000490: Using JtaPlatform implementation: [org.hibernate.engine.transaction.jta.platform.internal.NoJtaPlatform]
2025-11-25 12:42:28.071  INFO 18523 --- [    Test worker] j.LocalContainerEntityManagerFactoryBean : Initialized JPA EntityManagerFactory for persistence unit 'default'
2025-11-25 12:42:28.109  INFO 18523 --- [    Test worker] c.j.s.b.repository.PostRepositoryTest    : Started PostRepositoryTest in 0.112 seconds (JVM running for 2.827)
2025-11-25 12:42:28.110  INFO 18523 --- [    Test worker] o.s.t.c.transaction.TransactionContext   : Began transaction (1) for test context [DefaultTestContext@47814094 testClass = PostRepositoryTest, testInstance = com.jinsim.springboilerplate.board.repository.PostRepositoryTest@276af32d, testMethod = updateViewCountTest@PostRepositoryTest, testException = [null], mergedContextConfiguration = [MergedContextConfiguration@87affb5 testClass = PostRepositoryTest, locations = '{}', classes = '{class com.jinsim.springboilerplate.SpringBoilerplateApplication}', contextInitializerClasses = '[]', activeProfiles = '{}', propertySourceLocations = '{}', propertySourceProperties = '{org.springframework.boot.test.autoconfigure.orm.jpa.DataJpaTestContextBootstrapper=true}', contextCustomizers = set[org.springframework.boot.test.autoconfigure.OverrideAutoConfigurationContextCustomizerFactory$DisableAutoConfigurationContextCustomizer@3eff5c32, org.springframework.boot.test.autoconfigure.actuate.metrics.MetricsExportContextCustomizerFactory$DisableMetricExportContextCustomizer@40238dd0, org.springframework.boot.test.autoconfigure.filter.TypeExcludeFiltersContextCustomizer@351584c0, org.springframework.boot.test.autoconfigure.properties.PropertyMappingContextCustomizer@7a0bb85d, org.springframework.boot.test.autoconfigure.web.servlet.WebDriverContextCustomizerFactory$Customizer@6e950bcf, [ImportsContextCustomizer@1c461b90 key = [org.springframework.boot.autoconfigure.cache.CacheAutoConfiguration, org.springframework.boot.autoconfigure.data.jpa.JpaRepositoriesAutoConfiguration, org.springframework.boot.autoconfigure.flyway.FlywayAutoConfiguration, org.springframework.boot.autoconfigure.jdbc.DataSourceAutoConfiguration, org.springframework.boot.autoconfigure.jdbc.DataSourceTransactionManagerAutoConfiguration, org.springframework.boot.autoconfigure.jdbc.JdbcTemplateAutoConfiguration, org.springframework.boot.autoconfigure.liquibase.LiquibaseAutoConfiguration, org.springframework.boot.autoconfigure.orm.jpa.HibernateJpaAutoConfiguration, org.springframework.boot.autoconfigure.sql.init.SqlInitializationAutoConfiguration, org.springframework.boot.autoconfigure.transaction.TransactionAutoConfiguration, com.github.gavlyukovskiy.boot.jdbc.decorator.DataSourceDecoratorAutoConfiguration, org.springframework.boot.test.autoconfigure.jdbc.TestDatabaseAutoConfiguration, org.springframework.boot.test.autoconfigure.orm.jpa.TestEntityManagerAutoConfiguration, com.jinsim.springboilerplate.global.config.P6SpyConfiguration]], org.springframework.boot.test.context.filter.ExcludeFilterContextCustomizer@525575, org.springframework.boot.test.json.DuplicateJsonObjectContextCustomizerFactory$DuplicateJsonObjectContextCustomizer@53dbe163, org.springframework.boot.test.mock.mockito.MockitoContextCustomizer@0, org.springframework.boot.test.context.SpringBootTestArgs@1, org.springframework.boot.test.context.SpringBootTestWebEnvironment@0], contextLoader = 'org.springframework.boot.test.context.SpringBootContextLoader', parent = [null]], attributes = map['org.springframework.test.context.event.ApplicationEventsTestExecutionListener.recordApplicationEvents' -> false]]; transaction manager [org.springframework.orm.jpa.JpaTransactionManager@260f8704]; rollback [true]
2025-11-25 12:42:28.113  INFO 18523 --- [    Test worker] p6spy                                    : 

    INSERT 
    INTO
        ACCOUNT
        (ACCOUNT_ID, CREATE_DATE, EMAIL, ENCODED_PASSWORD, NAME) 
    VALUES
        (DEFAULT, '2025-11-25T12:42:28.111', 'TEST1@EMAIL.COM', 'ENCODEDPASSWORD1', 'TEST1')

	Connection ID: 17
	Execution Time: 0 ms

	Call Stack (number 1 is entry point): 

----------------------------------------------------------------------------------------------------
2025-11-25 12:42:28.114  INFO 18523 --- [    Test worker] p6spy                                    : 

    INSERT 
    INTO
        ACCOUNT
        (ACCOUNT_ID, CREATE_DATE, EMAIL, ENCODED_PASSWORD, NAME) 
    VALUES
        (DEFAULT, '2025-11-25T12:42:28.114', 'TEST2@EMAIL.COM', 'ENCODEDPASSWORD2', 'TEST2')

	Connection ID: 17
	Execution Time: 0 ms

	Call Stack (number 1 is entry point): 

----------------------------------------------------------------------------------------------------
2025-11-25 12:42:28.117  INFO 18523 --- [    Test worker] p6spy                                    : 

    INSERT 
    INTO
        POST
        (POST_ID, CREATE_DATE, CONTENT, TITLE, VIEW_COUNT, ACCOUNT_ID) 
    VALUES
        (DEFAULT, '2025-11-25T12:42:28.115', 'CONTENT1', 'TITLE1', 0, 1)

	Connection ID: 17
	Execution Time: 0 ms

	Call Stack (number 1 is entry point): 

----------------------------------------------------------------------------------------------------
2025-11-25 12:42:28.117  INFO 18523 --- [    Test worker] p6spy                                    : 

    INSERT 
    INTO
        POST
        (POST_ID, CREATE_DATE, CONTENT, TITLE, VIEW_COUNT, ACCOUNT_ID) 
    VALUES
        (DEFAULT, '2025-11-25T12:42:28.117', 'CONTENT2', 'TEST2', 0, 1)

	Connection ID: 17
	Execution Time: 0 ms

	Call Stack (number 1 is entry point): 

----------------------------------------------------------------------------------------------------
2025-11-25 12:42:28.118  INFO 18523 --- [    Test worker] p6spy                                    : 

    INSERT 
    INTO
        POST
        (POST_ID, CREATE_DATE, CONTENT, TITLE, VIEW_COUNT, ACCOUNT_ID) 
    VALUES
        (DEFAULT, '2025-11-25T12:42:28.117', 'CONTENT3', 'TITLE3', 0, 1)

	Connection ID: 17
	Execution Time: 0 ms

	Call Stack (number 1 is entry point): 

----------------------------------------------------------------------------------------------------
2025-11-25 12:42:28.119  INFO 18523 --- [    Test worker] p6spy                                    : 

    INSERT 
    INTO
        POST
        (POST_ID, CREATE_DATE, CONTENT, TITLE, VIEW_COUNT, ACCOUNT_ID) 
    VALUES
        (DEFAULT, '2025-11-25T12:42:28.118', 'CONTENT4', 'TITLE4', 0, 2)

	Connection ID: 17
	Execution Time: 0 ms

	Call Stack (number 1 is entry point): 

----------------------------------------------------------------------------------------------------
2025-11-25 12:42:28.119  INFO 18523 --- [    Test worker] p6spy                                    : 

    INSERT 
    INTO
        POST
        (POST_ID, CREATE_DATE, CONTENT, TITLE, VIEW_COUNT, ACCOUNT_ID) 
    VALUES
        (DEFAULT, '2025-11-25T12:42:28.119', 'CONTENT5', 'TITLE5', 0, 2)

	Connection ID: 17
	Execution Time: 0 ms

	Call Stack (number 1 is entry point): 

----------------------------------------------------------------------------------------------------
2025-11-25 12:42:28.124  INFO 18523 --- [    Test worker] p6spy                                    : 

    UPDATE
        POST 
    SET
        VIEW_COUNT=VIEW_COUNT+1 
    WHERE
        POST_ID=1

	Connection ID: 17
	Execution Time: 0 ms

	Call Stack (number 1 is entry point): 

----------------------------------------------------------------------------------------------------
2025-11-25 12:42:28.124  INFO 18523 --- [    Test worker] p6spy                                    : 

    SELECT
        POST0_.POST_ID AS POST_ID1_2_0_,
        POST0_.CREATE_DATE AS CREATE_D2_2_0_,
        POST0_.MODIFIED_DATE AS MODIFIED3_2_0_,
        POST0_.CONTENT AS CONTENT4_2_0_,
        POST0_.TITLE AS TITLE5_2_0_,
        POST0_.VIEW_COUNT AS VIEW_COU6_2_0_,
        POST0_.ACCOUNT_ID AS ACCOUNT_7_2_0_ 
    FROM
        POST POST0_ 
    WHERE
        POST0_.POST_ID=1

	Connection ID: 17
	Execution Time: 0 ms

	Call Stack (number 1 is entry point): 

----------------------------------------------------------------------------------------------------
2025-11-25 12:42:28.129  INFO 18523 --- [    Test worker] p6spy                                    : 
2025-11-25 12:42:28.130  INFO 18523 --- [    Test worker] o.s.t.c.transaction.TransactionContext   : Rolled back transaction for test: [DefaultTestContext@47814094 testClass = PostRepositoryTest, testInstance = com.jinsim.springboilerplate.board.repository.PostRepositoryTest@276af32d, testMethod = updateViewCountTest@PostRepositoryTest, testException = [null], mergedContextConfiguration = [MergedContextConfiguration@87affb5 testClass = PostRepositoryTest, locations = '{}', classes = '{class com.jinsim.springboilerplate.SpringBoilerplateApplication}', contextInitializerClasses = '[]', activeProfiles = '{}', propertySourceLocations = '{}', propertySourceProperties = '{org.springframework.boot.test.autoconfigure.orm.jpa.DataJpaTestContextBootstrapper=true}', contextCustomizers = set[org.springframework.boot.test.autoconfigure.OverrideAutoConfigurationContextCustomizerFactory$DisableAutoConfigurationContextCustomizer@3eff5c32, org.springframework.boot.test.autoconfigure.actuate.metrics.MetricsExportContextCustomizerFactory$DisableMetricExportContextCustomizer@40238dd0, org.springframework.boot.test.autoconfigure.filter.TypeExcludeFiltersContextCustomizer@351584c0, org.springframework.boot.test.autoconfigure.properties.PropertyMappingContextCustomizer@7a0bb85d, org.springframework.boot.test.autoconfigure.web.servlet.WebDriverContextCustomizerFactory$Customizer@6e950bcf, [ImportsContextCustomizer@1c461b90 key = [org.springframework.boot.autoconfigure.cache.CacheAutoConfiguration, org.springframework.boot.autoconfigure.data.jpa.JpaRepositoriesAutoConfiguration, org.springframework.boot.autoconfigure.flyway.FlywayAutoConfiguration, org.springframework.boot.autoconfigure.jdbc.DataSourceAutoConfiguration, org.springframework.boot.autoconfigure.jdbc.DataSourceTransactionManagerAutoConfiguration, org.springframework.boot.autoconfigure.jdbc.JdbcTemplateAutoConfiguration, org.springframework.boot.autoconfigure.liquibase.LiquibaseAutoConfiguration, org.springframework.boot.autoconfigure.orm.jpa.HibernateJpaAutoConfiguration, org.springframework.boot.autoconfigure.sql.init.SqlInitializationAutoConfiguration, org.springframework.boot.autoconfigure.transaction.TransactionAutoConfiguration, com.github.gavlyukovskiy.boot.jdbc.decorator.DataSourceDecoratorAutoConfiguration, org.springframework.boot.test.autoconfigure.jdbc.TestDatabaseAutoConfiguration, org.springframework.boot.test.autoconfigure.orm.jpa.TestEntityManagerAutoConfiguration, com.jinsim.springboilerplate.global.config.P6SpyConfiguration]], org.springframework.boot.test.context.filter.ExcludeFilterContextCustomizer@525575, org.springframework.boot.test.json.DuplicateJsonObjectContextCustomizerFactory$DuplicateJsonObjectContextCustomizer@53dbe163, org.springframework.boot.test.mock.mockito.MockitoContextCustomizer@0, org.springframework.boot.test.context.SpringBootTestArgs@1, org.springframework.boot.test.context.SpringBootTestWebEnvironment@0], contextLoader = 'org.springframework.boot.test.context.SpringBootContextLoader', parent = [null]], attributes = map['org.springframework.test.context.event.ApplicationEventsTestExecutionListener.recordApplicationEvents' -> false]]
2025-11-25 12:42:28.131  INFO 18523 --- [    Test worker] o.s.t.c.transaction.TransactionContext   : Began transaction (1) for test context [DefaultTestContext@47814094 testClass = PostRepositoryTest, testInstance = com.jinsim.springboilerplate.board.repository.PostRepositoryTest@6385b96c, testMethod = findByTitleContainsTest@PostRepositoryTest, testException = [null], mergedContextConfiguration = [MergedContextConfiguration@87affb5 testClass = PostRepositoryTest, locations = '{}', classes = '{class com.jinsim.springboilerplate.SpringBoilerplateApplication}', contextInitializerClasses = '[]', activeProfiles = '{}', propertySourceLocations = '{}', propertySourceProperties = '{org.springframework.boot.test.autoconfigure.orm.jpa.DataJpaTestContextBootstrapper=true}', contextCustomizers = set[org.springframework.boot.test.autoconfigure.OverrideAutoConfigurationContextCustomizerFactory$DisableAutoConfigurationContextCustomizer@3eff5c32, org.springframework.boot.test.autoconfigure.actuate.metrics.MetricsExportContextCustomizerFactory$DisableMetricExportContextCustomizer@40238dd0, org.springframework.boot.test.autoconfigure.filter.TypeExcludeFiltersContextCustomizer@351584c0, org.springframework.boot.test.autoconfigure.properties.PropertyMappingContextCustomizer@7a0bb85d, org.springframework.boot.test.autoconfigure.web.servlet.WebDriverContextCustomizerFactory$Customizer@6e950bcf, [ImportsContextCustomizer@1c461b90 key = [org.springframework.boot.autoconfigure.cache.CacheAutoConfiguration, org.springframework.boot.autoconfigure.data.jpa.JpaRepositoriesAutoConfiguration, org.springframework.boot.autoconfigure.flyway.FlywayAutoConfiguration, org.springframework.boot.autoconfigure.jdbc.DataSourceAutoConfiguration, org.springframework.boot.autoconfigure.jdbc.DataSourceTransactionManagerAutoConfiguration, org.springframework.boot.autoconfigure.jdbc.JdbcTemplateAutoConfiguration, org.springframework.boot.autoconfigure.liquibase.LiquibaseAutoConfiguration, org.springframework.boot.autoconfigure.orm.jpa.HibernateJpaAutoConfiguration, org.springframework.boot.autoconfigure.sql.init.SqlInitializationAutoConfiguration, org.springframework.boot.autoconfigure.transaction.TransactionAutoConfiguration, com.github.gavlyukovskiy.boot.jdbc.decorator.DataSourceDecoratorAutoConfiguration, org.springframework.boot.test.autoconfigure.jdbc.TestDatabaseAutoConfiguration, org.springframework.boot.test.autoconfigure.orm.jpa.TestEntityManagerAutoConfiguration, com.jinsim.springboilerplate.global.config.P6SpyConfiguration]], org.springframework.boot.test.context.filter.ExcludeFilterContextCustomizer@525575, org.springframework.boot.test.json.DuplicateJsonObjectContextCustomizerFactory$DuplicateJsonObjectContextCustomizer@53dbe163, org.springframework.boot.test.mock.mockito.MockitoContextCustomizer@0, org.springframework.boot.test.context.SpringBootTestArgs@1, org.springframework.boot.test.context.SpringBootTestWebEnvironment@0], contextLoader = 'org.springframework.boot.test.context.SpringBootContextLoader', parent = [null]], attributes = map['org.springframework.test.context.event.ApplicationEventsTestExecutionListener.recordApplicationEvents' -> false]]; transaction manager [org.springframework.orm.jpa.JpaTransactionManager@260f8704]; rollback [true]
2025-11-25 12:42:28.132  INFO 18523 --- [    Test worker] p6spy                                    : 

    INSERT 
    INTO
        ACCOUNT
        (ACCOUNT_ID, CREATE_DATE, EMAIL, ENCODED_PASSWORD, NAME) 
    VALUES
        (DEFAULT, '2025-11-25T12:42:28.131', 'TEST1@EMAIL.COM', 'ENCODEDPASSWORD1', 'TEST1')

	Connection ID: 18
	Execution Time: 0 ms

	Call Stack (number 1 is entry point): 

----------------------------------------------------------------------------------------------------
2025-11-25 12:42:28.132  INFO 18523 --- [    Test worker] p6spy                                    : 

    INSERT 
    INTO
        ACCOUNT
        (ACCOUNT_ID, CREATE_DATE, EMAIL, ENCODED_PASSWORD, NAME) 
    VALUES
        (DEFAULT, '2025-11-25T12:42:28.132', 'TEST2@EMAIL.COM', 'ENCODEDPASSWORD2', 'TEST2')

	Connection ID: 18
	Execution Time: 0 ms

	Call Stack (number 1 is entry point): 

----------------------------------------------------------------------------------------------------
2025-11-25 12:42:28.133  INFO 18523 --- [    Test worker] p6spy                                    : 

    INSERT 
    INTO
        POST
        (POST_ID, CREATE_DATE, CONTENT, TITLE, VIEW_COUNT, ACCOUNT_ID) 
    VALUES
        (DEFAULT, '2025-11-25T12:42:28.132', 'CONTENT1', 'TITLE1', 0, 3)

	Connection ID: 18
	Execution Time: 0 ms

	Call Stack (number 1 is entry point): 

----------------------------------------------------------------------------------------------------
2025-11-25 12:42:28.133  INFO 18523 --- [    Test worker] p6spy                                    : 

    INSERT 
    INTO
        POST
        (POST_ID, CREATE_DATE, CONTENT, TITLE, VIEW_COUNT, ACCOUNT_ID) 
    VALUES
        (DEFAULT, '2025-11-25T12:42:28.133', 'CONTENT2', 'TEST2', 0, 3)

	Connection ID: 18
	Execution Time: 0 ms

	Call Stack (number 1 is entry point): 

----------------------------------------------------------------------------------------------------
2025-11-25 12:42:28.134  INFO 18523 --- [    Test worker] p6spy                                    : 

    INSERT 
    INTO
        POST
        (POST_ID, CREATE_DATE, CONTENT, TITLE, VIEW_COUNT, ACCOUNT_ID) 
    VALUES
        (DEFAULT, '2025-11-25T12:42:28.134', 'CONTENT3', 'TITLE3', 0, 3)

	Connection ID: 18
	Execution Time: 0 ms

	Call Stack (number 1 is entry point): 

----------------------------------------------------------------------------------------------------
2025-11-25 12:42:28.135  INFO 18523 --- [    Test worker] p6spy                                    : 

    INSERT 
    INTO
        POST
        (POST_ID, CREATE_DATE, CONTENT, TITLE, VIEW_COUNT, ACCOUNT_ID) 
    VALUES
        (DEFAULT, '2025-11-25T12:42:28.134', 'CONTENT4', 'TITLE4', 0, 4)

	Connection ID: 18
	Execution Time: 0 ms

	Call Stack (number 1 is entry point): 

----------------------------------------------------------------------------------------------------
2025-11-25 12:42:28.135  INFO 18523 --- [    Test worker] p6spy                                    : 

    INSERT 
    INTO
        POST
        (POST_ID, CREATE_DATE, CONTENT, TITLE, VIEW_COUNT, ACCOUNT_ID) 
    VALUES
        (DEFAULT, '2025-11-25T12:42:28.135', 'CONTENT5', 'TITLE5', 0, 4)

	Connection ID: 18
	Execution Time: 0 ms

	Call Stack (number 1 is entry point): 

----------------------------------------------------------------------------------------------------
2025-11-25 12:42:28.138  INFO 18523 --- [    Test worker] p6spy                                    : 

    SELECT
        POST0_.POST_ID AS POST_ID1_2_,
        POST0_.CREATE_DATE AS CREATE_D2_2_,
        POST0_.MODIFIED_DATE AS MODIFIED3_2_,
        POST0_.CONTENT AS CONTENT4_2_,
        POST0_.TITLE AS TITLE5_2_,
        POST0_.VIEW_COUNT AS VIEW_COU6_2_,
        POST0_.ACCOUNT_ID AS ACCOUNT_7_2_ 
    FROM
        POST POST0_ 
    WHERE
        POST0_.TITLE LIKE '%TITLE%' ESCAPE '\'

	Connection ID: 18
	Execution Time: 0 ms

	Call Stack (number 1 is entry point): 

----------------------------------------------------------------------------------------------------
2025-11-25 12:42:28.139  INFO 18523 --- [    Test worker] p6spy                                    : 
2025-11-25 12:42:28.139  INFO 18523 --- [    Test worker] o.s.t.c.transaction.TransactionContext   : Rolled back transaction for test: [DefaultTestContext@47814094 testClass = PostRepositoryTest, testInstance = com.jinsim.springboilerplate.board.repository.PostRepositoryTest@6385b96c, testMethod = findByTitleContainsTest@PostRepositoryTest, testException = [null], mergedContextConfiguration = [MergedContextConfiguration@87affb5 testClass = PostRepositoryTest, locations = '{}', classes = '{class com.jinsim.springboilerplate.SpringBoilerplateApplication}', contextInitializerClasses = '[]', activeProfiles = '{}', propertySourceLocations = '{}', propertySourceProperties = '{org.springframework.boot.test.autoconfigure.orm.jpa.DataJpaTestContextBootstrapper=true}', contextCustomizers = set[org.springframework.boot.test.autoconfigure.OverrideAutoConfigurationContextCustomizerFactory$DisableAutoConfigurationContextCustomizer@3eff5c32, org.springframework.boot.test.autoconfigure.actuate.metrics.MetricsExportContextCustomizerFactory$DisableMetricExportContextCustomizer@40238dd0, org.springframework.boot.test.autoconfigure.filter.TypeExcludeFiltersContextCustomizer@351584c0, org.springframework.boot.test.autoconfigure.properties.PropertyMappingContextCustomizer@7a0bb85d, org.springframework.boot.test.autoconfigure.web.servlet.WebDriverContextCustomizerFactory$Customizer@6e950bcf, [ImportsContextCustomizer@1c461b90 key = [org.springframework.boot.autoconfigure.cache.CacheAutoConfiguration, org.springframework.boot.autoconfigure.data.jpa.JpaRepositoriesAutoConfiguration, org.springframework.boot.autoconfigure.flyway.FlywayAutoConfiguration, org.springframework.boot.autoconfigure.jdbc.DataSourceAutoConfiguration, org.springframework.boot.autoconfigure.jdbc.DataSourceTransactionManagerAutoConfiguration, org.springframework.boot.autoconfigure.jdbc.JdbcTemplateAutoConfiguration, org.springframework.boot.autoconfigure.liquibase.LiquibaseAutoConfiguration, org.springframework.boot.autoconfigure.orm.jpa.HibernateJpaAutoConfiguration, org.springframework.boot.autoconfigure.sql.init.SqlInitializationAutoConfiguration, org.springframework.boot.autoconfigure.transaction.TransactionAutoConfiguration, com.github.gavlyukovskiy.boot.jdbc.decorator.DataSourceDecoratorAutoConfiguration, org.springframework.boot.test.autoconfigure.jdbc.TestDatabaseAutoConfiguration, org.springframework.boot.test.autoconfigure.orm.jpa.TestEntityManagerAutoConfiguration, com.jinsim.springboilerplate.global.config.P6SpyConfiguration]], org.springframework.boot.test.context.filter.ExcludeFilterContextCustomizer@525575, org.springframework.boot.test.json.DuplicateJsonObjectContextCustomizerFactory$DuplicateJsonObjectContextCustomizer@53dbe163, org.springframework.boot.test.mock.mockito.MockitoContextCustomizer@0, org.springframework.boot.test.context.SpringBootTestArgs@1, org.springframework.boot.test.context.SpringBootTestWebEnvironment@0], contextLoader = 'org.springframework.boot.test.context.SpringBootContextLoader', parent = [null]], attributes = map['org.springframework.test.context.event.ApplicationEventsTestExecutionListener.recordApplicationEvents' -> false]]
2025-11-25 12:42:28.140  INFO 18523 --- [    Test worker] o.s.t.c.transaction.TransactionContext   : Began transaction (1) for test context [DefaultTestContext@47814094 testClass = PostRepositoryTest, testInstance = com.jinsim.springboilerplate.board.repository.PostRepositoryTest@7531ba53, testMethod = findAllByOrderByIdDescTest@PostRepositoryTest, testException = [null], mergedContextConfiguration = [MergedContextConfiguration@87affb5 testClass = PostRepositoryTest, locations = '{}', classes = '{class com.jinsim.springboilerplate.SpringBoilerplateApplication}', contextInitializerClasses = '[]', activeProfiles = '{}', propertySourceLocations = '{}', propertySourceProperties = '{org.springframework.boot.test.autoconfigure.orm.jpa.DataJpaTestContextBootstrapper=true}', contextCustomizers = set[org.springframework.boot.test.autoconfigure.OverrideAutoConfigurationContextCustomizerFactory$DisableAutoConfigurationContextCustomizer@3eff5c32, org.springframework.boot.test.autoconfigure.actuate.metrics.MetricsExportContextCustomizerFactory$DisableMetricExportContextCustomizer@40238dd0, org.springframework.boot.test.autoconfigure.filter.TypeExcludeFiltersContextCustomizer@351584c0, org.springframework.boot.test.autoconfigure.properties.PropertyMappingContextCustomizer@7a0bb85d, org.springframework.boot.test.autoconfigure.web.servlet.WebDriverContextCustomizerFactory$Customizer@6e950bcf, [ImportsContextCustomizer@1c461b90 key = [org.springframework.boot.autoconfigure.cache.CacheAutoConfiguration, org.springframework.boot.autoconfigure.data.jpa.JpaRepositoriesAutoConfiguration, org.springframework.boot.autoconfigure.flyway.FlywayAutoConfiguration, org.springframework.boot.autoconfigure.jdbc.DataSourceAutoConfiguration, org.springframework.boot.autoconfigure.jdbc.DataSourceTransactionManagerAutoConfiguration, org.springframework.boot.autoconfigure.jdbc.JdbcTemplateAutoConfiguration, org.springframework.boot.autoconfigure.liquibase.LiquibaseAutoConfiguration, org.springframework.boot.autoconfigure.orm.jpa.HibernateJpaAutoConfiguration, org.springframework.boot.autoconfigure.sql.init.SqlInitializationAutoConfiguration, org.springframework.boot.autoconfigure.transaction.TransactionAutoConfiguration, com.github.gavlyukovskiy.boot.jdbc.decorator.DataSourceDecoratorAutoConfiguration, org.springframework.boot.test.autoconfigure.jdbc.TestDatabaseAutoConfiguration, org.springframework.boot.test.autoconfigure.orm.jpa.TestEntityManagerAutoConfiguration, com.jinsim.springboilerplate.global.config.P6SpyConfiguration]], org.springframework.boot.test.context.filter.ExcludeFilterContextCustomizer@525575, org.springframework.boot.test.json.DuplicateJsonObjectContextCustomizerFactory$DuplicateJsonObjectContextCustomizer@53dbe163, org.springframework.boot.test.mock.mockito.MockitoContextCustomizer@0, org.springframework.boot.test.context.SpringBootTestArgs@1, org.springframework.boot.test.context.SpringBootTestWebEnvironment@0], contextLoader = 'org.springframework.boot.test.context.SpringBootContextLoader', parent = [null]], attributes = map['org.springframework.test.context.event.ApplicationEventsTestExecutionListener.recordApplicationEvents' -> false]]; transaction manager [org.springframework.orm.jpa.JpaTransactionManager@260f8704]; rollback [true]
2025-11-25 12:42:28.141  INFO 18523 --- [    Test worker] p6spy                                    : 

    INSERT 
    INTO
        ACCOUNT
        (ACCOUNT_ID, CREATE_DATE, EMAIL, ENCODED_PASSWORD, NAME) 
    VALUES
        (DEFAULT, '2025-11-25T12:42:28.140', 'TEST1@EMAIL.COM', 'ENCODEDPASSWORD1', 'TEST1')

	Connection ID: 19
	Execution Time: 0 ms

	Call Stack (number 1 is entry point): 

----------------------------------------------------------------------------------------------------
2025-11-25 12:42:28.141  INFO 18523 --- [    Test worker] p6spy                                    : 

    INSERT 
    INTO
        ACCOUNT
        (ACCOUNT_ID, CREATE_DATE, EMAIL, ENCODED_PASSWORD, NAME) 
    VALUES
        (DEFAULT, '2025-11-25T12:42:28.141', 'TEST2@EMAIL.COM', 'ENCODEDPASSWORD2', 'TEST2')

	Connection ID: 19
	Execution Time: 0 ms

	Call Stack (number 1 is entry point): 

----------------------------------------------------------------------------------------------------
2025-11-25 12:42:28.142  INFO 18523 --- [    Test worker] p6spy                                    : 

    INSERT 
    INTO
        POST
        (POST_ID, CREATE_DATE, CONTENT, TITLE, VIEW_COUNT, ACCOUNT_ID) 
    VALUES
        (DEFAULT, '2025-11-25T12:42:28.141', 'CONTENT1', 'TITLE1', 0, 5)

	Connection ID: 19
	Execution Time: 0 ms

	Call Stack (number 1 is entry point): 

----------------------------------------------------------------------------------------------------
2025-11-25 12:42:28.143  INFO 18523 --- [    Test worker] p6spy                                    : 

    INSERT 
    INTO
        POST
        (POST_ID, CREATE_DATE, CONTENT, TITLE, VIEW_COUNT, ACCOUNT_ID) 
    VALUES
        (DEFAULT, '2025-11-25T12:42:28.142', 'CONTENT2', 'TEST2', 0, 5)

	Connection ID: 19
	Execution Time: 0 ms

	Call Stack (number 1 is entry point): 

----------------------------------------------------------------------------------------------------
2025-11-25 12:42:28.143  INFO 18523 --- [    Test worker] p6spy                                    : 

    INSERT 
    INTO
        POST
        (POST_ID, CREATE_DATE, CONTENT, TITLE, VIEW_COUNT, ACCOUNT_ID) 
    VALUES
        (DEFAULT, '2025-11-25T12:42:28.143', 'CONTENT3', 'TITLE3', 0, 5)

	Connection ID: 19
	Execution Time: 0 ms

	Call Stack (number 1 is entry point): 

----------------------------------------------------------------------------------------------------
2025-11-25 12:42:28.144  INFO 18523 --- [    Test worker] p6spy                                    : 

    INSERT 
    INTO
        POST
        (POST_ID, CREATE_DATE, CONTENT, TITLE, VIEW_COUNT, ACCOUNT_ID) 
    VALUES
        (DEFAULT, '2025-11-25T12:42:28.143', 'CONTENT4', 'TITLE4', 0, 6)

	Connection ID: 19
	Execution Time: 0 ms

	Call Stack (number 1 is entry point): 

----------------------------------------------------------------------------------------------------
2025-11-25 12:42:28.144  INFO 18523 --- [    Test worker] p6spy                                    : 

    INSERT 
    INTO
        POST
        (POST_ID, CREATE_DATE, CONTENT, TITLE, VIEW_COUNT, ACCOUNT_ID) 
    VALUES
        (DEFAULT, '2025-11-25T12:42:28.144', 'CONTENT5', 'TITLE5', 0, 6)

	Connection ID: 19
	Execution Time: 0 ms

	Call Stack (number 1 is entry point): 

----------------------------------------------------------------------------------------------------
2025-11-25 12:42:28.146  INFO 18523 --- [    Test worker] p6spy                                    : 

    SELECT
        POST0_.POST_ID AS POST_ID1_2_,
        POST0_.CREATE_DATE AS CREATE_D2_2_,
        POST0_.MODIFIED_DATE AS MODIFIED3_2_,
        POST0_.CONTENT AS CONTENT4_2_,
        POST0_.TITLE AS TITLE5_2_,
        POST0_.VIEW_COUNT AS VIEW_COU6_2_,
        POST0_.ACCOUNT_ID AS ACCOUNT_7_2_ 
    FROM
        POST POST0_ 
    ORDER BY
        POST0_.POST_ID DESC

	Connection ID: 19
	Execution Time: 0 ms

	Call Stack (number 1 is entry point): 

----------------------------------------------------------------------------------------------------
2025-11-25 12:42:28.147  INFO 18523 --- [    Test worker] p6spy                                    : 
2025-11-25 12:42:28.147  INFO 18523 --- [    Test worker] o.s.t.c.transaction.TransactionContext   : Rolled back transaction for test: [DefaultTestContext@47814094 testClass = PostRepositoryTest, testInstance = com.jinsim.springboilerplate.board.repository.PostRepositoryTest@7531ba53, testMethod = findAllByOrderByIdDescTest@PostRepositoryTest, testException = [null], mergedContextConfiguration = [MergedContextConfiguration@87affb5 testClass = PostRepositoryTest, locations = '{}', classes = '{class com.jinsim.springboilerplate.SpringBoilerplateApplication}', contextInitializerClasses = '[]', activeProfiles = '{}', propertySourceLocations = '{}', propertySourceProperties = '{org.springframework.boot.test.autoconfigure.orm.jpa.DataJpaTestContextBootstrapper=true}', contextCustomizers = set[org.springframework.boot.test.autoconfigure.OverrideAutoConfigurationContextCustomizerFactory$DisableAutoConfigurationContextCustomizer@3eff5c32, org.springframework.boot.test.autoconfigure.actuate.metrics.MetricsExportContextCustomizerFactory$DisableMetricExportContextCustomizer@40238dd0, org.springframework.boot.test.autoconfigure.filter.TypeExcludeFiltersContextCustomizer@351584c0, org.springframework.boot.test.autoconfigure.properties.PropertyMappingContextCustomizer@7a0bb85d, org.springframework.boot.test.autoconfigure.web.servlet.WebDriverContextCustomizerFactory$Customizer@6e950bcf, [ImportsContextCustomizer@1c461b90 key = [org.springframework.boot.autoconfigure.cache.CacheAutoConfiguration, org.springframework.boot.autoconfigure.data.jpa.JpaRepositoriesAutoConfiguration, org.springframework.boot.autoconfigure.flyway.FlywayAutoConfiguration, org.springframework.boot.autoconfigure.jdbc.DataSourceAutoConfiguration, org.springframework.boot.autoconfigure.jdbc.DataSourceTransactionManagerAutoConfiguration, org.springframework.boot.autoconfigure.jdbc.JdbcTemplateAutoConfiguration, org.springframework.boot.autoconfigure.liquibase.LiquibaseAutoConfiguration, org.springframework.boot.autoconfigure.orm.jpa.HibernateJpaAutoConfiguration, org.springframework.boot.autoconfigure.sql.init.SqlInitializationAutoConfiguration, org.springframework.boot.autoconfigure.transaction.TransactionAutoConfiguration, com.github.gavlyukovskiy.boot.jdbc.decorator.DataSourceDecoratorAutoConfiguration, org.springframework.boot.test.autoconfigure.jdbc.TestDatabaseAutoConfiguration, org.springframework.boot.test.autoconfigure.orm.jpa.TestEntityManagerAutoConfiguration, com.jinsim.springboilerplate.global.config.P6SpyConfiguration]], org.springframework.boot.test.context.filter.ExcludeFilterContextCustomizer@525575, org.springframework.boot.test.json.DuplicateJsonObjectContextCustomizerFactory$DuplicateJsonObjectContextCustomizer@53dbe163, org.springframework.boot.test.mock.mockito.MockitoContextCustomizer@0, org.springframework.boot.test.context.SpringBootTestArgs@1, org.springframework.boot.test.context.SpringBootTestWebEnvironment@0], contextLoader = 'org.springframework.boot.test.context.SpringBootContextLoader', parent = [null]], attributes = map['org.springframework.test.context.event.ApplicationEventsTestExecutionListener.recordApplicationEvents' -> false]]
]]></system-out>
  <system-err><![CDATA[]]></system-err>
</testsuite>
