<?xml version="1.0" encoding="UTF-8"?>
<testsuite name="com.jinsim.springboilerplate.account.domain.AccountTest" tests="2" skipped="0" failures="0" errors="0" timestamp="2025-11-25T03:42:27" hostname="hyeonjaes-MacBook-Pro.local" time="0.015">
  <properties/>
  <testcase name="계정_생성_테스트()" classname="com.jinsim.springboilerplate.account.domain.AccountTest" time="0.014"/>
  <testcase name="계정_업데이트_테스트()" classname="com.jinsim.springboilerplate.account.domain.AccountTest" time="0.0"/>
  <system-out><![CDATA[]]></system-out>
  <system-err><![CDATA[]]></system-err>
</testsuite>
