<?xml version="1.0" encoding="UTF-8"?>
<testsuite name="com.jinsim.springboilerplate.account.service.AccountServiceTest" tests="3" skipped="0" failures="0" errors="0" timestamp="2025-11-25T03:42:27" hostname="hyeonjaes-MacBook-Pro.local" time="0.271">
  <properties/>
  <testcase name="회원삭제_성공()" classname="com.jinsim.springboilerplate.account.service.AccountServiceTest" time="0.098"/>
  <testcase name="회원수정_성공()" classname="com.jinsim.springboilerplate.account.service.AccountServiceTest" time="0.06"/>
  <testcase name="회원가입_성공()" classname="com.jinsim.springboilerplate.account.service.AccountServiceTest" time="0.112"/>
  <system-out><![CDATA[]]></system-out>
  <system-err><![CDATA[]]></system-err>
</testsuite>
